0 info it worked if it ends with ok
1 verbose cli [ '/Users/mitchrickman/.nvm/versions/node/v6.9.2/bin/node',
1 verbose cli   '/Users/mitchrickman/.nvm/versions/node/v6.9.2/bin/npm',
1 verbose cli   'run',
1 verbose cli   'watch:js' ]
2 info using npm@3.10.9
3 info using node@v6.9.2
4 verbose run-script [ 'prewatch:js', 'watch:js', 'postwatch:js' ]
5 info lifecycle budget@0.0.0~prewatch:js: budget@0.0.0
6 silly lifecycle budget@0.0.0~prewatch:js: no script for prewatch:js, continuing
7 info lifecycle budget@0.0.0~watch:js: budget@0.0.0
8 verbose lifecycle budget@0.0.0~watch:js: unsafe-perm in lifecycle true
9 verbose lifecycle budget@0.0.0~watch:js: PATH: /Users/mitchrickman/.nvm/versions/node/v6.9.2/lib/node_modules/npm/bin/node-gyp-bin:/Users/mitchrickman/_projects/Budget/node_modules/.bin:/Users/mitchrickman/.nvm/versions/node/v6.9.2/lib/node_modules/npm/bin/node-gyp-bin:/Users/mitchrickman/_projects/Budget/node_modules/.bin:/Users/mitchrickman/.nvm/versions/node/v6.9.2/bin:/usr/bin:/bin:/usr/sbin:/sbin:/usr/local/bin:/usr/local/git/bin:/Users/mitchrickman/.rvm/bin
10 verbose lifecycle budget@0.0.0~watch:js: CWD: /Users/mitchrickman/_projects/Budget
11 silly lifecycle budget@0.0.0~watch:js: Args: [ '-c', 'webpack --progress --watch' ]
12 silly lifecycle budget@0.0.0~watch:js: Returned: code: 1  signal: null
13 info lifecycle budget@0.0.0~watch:js: Failed to exec watch:js script
14 verbose stack Error: budget@0.0.0 watch:js: `webpack --progress --watch`
14 verbose stack Exit status 1
14 verbose stack     at EventEmitter.<anonymous> (/Users/mitchrickman/.nvm/versions/node/v6.9.2/lib/node_modules/npm/lib/utils/lifecycle.js:255:16)
14 verbose stack     at emitTwo (events.js:106:13)
14 verbose stack     at EventEmitter.emit (events.js:191:7)
14 verbose stack     at ChildProcess.<anonymous> (/Users/mitchrickman/.nvm/versions/node/v6.9.2/lib/node_modules/npm/lib/utils/spawn.js:40:14)
14 verbose stack     at emitTwo (events.js:106:13)
14 verbose stack     at ChildProcess.emit (events.js:191:7)
14 verbose stack     at maybeClose (internal/child_process.js:877:16)
14 verbose stack     at Process.ChildProcess._handle.onexit (internal/child_process.js:226:5)
15 verbose pkgid budget@0.0.0
16 verbose cwd /Users/mitchrickman/_projects/Budget
17 error Darwin 15.3.0
18 error argv "/Users/mitchrickman/.nvm/versions/node/v6.9.2/bin/node" "/Users/mitchrickman/.nvm/versions/node/v6.9.2/bin/npm" "run" "watch:js"
19 error node v6.9.2
20 error npm  v3.10.9
21 error code ELIFECYCLE
22 error budget@0.0.0 watch:js: `webpack --progress --watch`
22 error Exit status 1
23 error Failed at the budget@0.0.0 watch:js script 'webpack --progress --watch'.
23 error Make sure you have the latest version of node.js and npm installed.
23 error If you do, this is most likely a problem with the budget package,
23 error not with npm itself.
23 error Tell the author that this fails on your system:
23 error     webpack --progress --watch
23 error You can get information on how to open an issue for this project with:
23 error     npm bugs budget
23 error Or if that isn't available, you can get their info via:
23 error     npm owner ls budget
23 error There is likely additional logging output above.
24 verbose exit [ 1, true ]
